update-alternatives 2024-04-02 18:43:44: run with --install /usr/bin/fakeroot fakeroot /usr/bin/fakeroot-sysv 50 --slave /usr/share/man/man1/fakeroot.1.gz fakeroot.1.gz /usr/share/man/man1/fakeroot-sysv.1.gz --slave /usr/share/man/man1/faked.1.gz faked.1.gz /usr/share/man/man1/faked-sysv.1.gz --slave /usr/share/man/es/man1/fakeroot.1.gz fakeroot.es.1.gz /usr/share/man/es/man1/fakeroot-sysv.1.gz --slave /usr/share/man/es/man1/faked.1.gz faked.es.1.gz /usr/share/man/es/man1/faked-sysv.1.gz --slave /usr/share/man/fr/man1/fakeroot.1.gz fakeroot.fr.1.gz /usr/share/man/fr/man1/fakeroot-sysv.1.gz --slave /usr/share/man/fr/man1/faked.1.gz faked.fr.1.gz /usr/share/man/fr/man1/faked-sysv.1.gz --slave /usr/share/man/sv/man1/fakeroot.1.gz fakeroot.sv.1.gz /usr/share/man/sv/man1/fakeroot-sysv.1.gz --slave /usr/share/man/sv/man1/faked.1.gz faked.sv.1.gz /usr/share/man/sv/man1/faked-sysv.1.gz
update-alternatives 2024-04-02 18:43:44: link group fakeroot updated to point to /usr/bin/fakeroot-sysv
update-alternatives 2024-04-02 18:43:44: run with --install /usr/bin/fakeroot fakeroot /usr/bin/fakeroot-tcp 30 --slave /usr/share/man/man1/fakeroot.1.gz fakeroot.1.gz /usr/share/man/man1/fakeroot-tcp.1.gz --slave /usr/share/man/man1/faked.1.gz faked.1.gz /usr/share/man/man1/faked-tcp.1.gz --slave /usr/share/man/es/man1/fakeroot.1.gz fakeroot.es.1.gz /usr/share/man/es/man1/fakeroot-tcp.1.gz --slave /usr/share/man/es/man1/faked.1.gz faked.es.1.gz /usr/share/man/es/man1/faked-tcp.1.gz --slave /usr/share/man/fr/man1/fakeroot.1.gz fakeroot.fr.1.gz /usr/share/man/fr/man1/fakeroot-tcp.1.gz --slave /usr/share/man/fr/man1/faked.1.gz faked.fr.1.gz /usr/share/man/fr/man1/faked-tcp.1.gz --slave /usr/share/man/sv/man1/fakeroot.1.gz fakeroot.sv.1.gz /usr/share/man/sv/man1/fakeroot-tcp.1.gz --slave /usr/share/man/sv/man1/faked.1.gz faked.sv.1.gz /usr/share/man/sv/man1/faked-tcp.1.gz
update-alternatives 2024-04-02 18:43:44: run with --install /usr/bin/lzma lzma /usr/bin/xz 20 --slave /usr/share/man/man1/lzma.1.gz lzma.1.gz /usr/share/man/man1/xz.1.gz --slave /usr/bin/unlzma unlzma /usr/bin/unxz --slave /usr/share/man/man1/unlzma.1.gz unlzma.1.gz /usr/share/man/man1/unxz.1.gz --slave /usr/bin/lzcat lzcat /usr/bin/xzcat --slave /usr/share/man/man1/lzcat.1.gz lzcat.1.gz /usr/share/man/man1/xzcat.1.gz --slave /usr/bin/lzmore lzmore /usr/bin/xzmore --slave /usr/share/man/man1/lzmore.1.gz lzmore.1.gz /usr/share/man/man1/xzmore.1.gz --slave /usr/bin/lzless lzless /usr/bin/xzless --slave /usr/share/man/man1/lzless.1.gz lzless.1.gz /usr/share/man/man1/xzless.1.gz --slave /usr/bin/lzdiff lzdiff /usr/bin/xzdiff --slave /usr/share/man/man1/lzdiff.1.gz lzdiff.1.gz /usr/share/man/man1/xzdiff.1.gz --slave /usr/bin/lzcmp lzcmp /usr/bin/xzcmp --slave /usr/share/man/man1/lzcmp.1.gz lzcmp.1.gz /usr/share/man/man1/xzcmp.1.gz --slave /usr/bin/lzgrep lzgrep /usr/bin/xzgrep --slave /usr/share/man/man1/lzgrep.1.gz lzgrep.1.gz /usr/share/man/man1/xzgrep.1.gz --slave /usr/bin/lzegrep lzegrep /usr/bin/xzegrep --slave /usr/share/man/man1/lzegrep.1.gz lzegrep.1.gz /usr/share/man/man1/xzegrep.1.gz --slave /usr/bin/lzfgrep lzfgrep /usr/bin/xzfgrep --slave /usr/share/man/man1/lzfgrep.1.gz lzfgrep.1.gz /usr/share/man/man1/xzfgrep.1.gz
update-alternatives 2024-04-02 18:43:44: link group lzma updated to point to /usr/bin/xz
update-alternatives 2024-04-02 18:43:45: run with --quiet --install /usr/bin/pinentry pinentry /usr/bin/pinentry-curses 50 --slave /usr/share/man/man1/pinentry.1.gz pinentry.1.gz /usr/share/man/man1/pinentry-curses.1.gz
update-alternatives 2024-04-02 18:43:45: link group pinentry updated to point to /usr/bin/pinentry-curses
update-alternatives 2024-04-02 18:43:46: run with --quiet --install /lib/cpp cpp /usr/bin/cpp 10
update-alternatives 2024-04-02 18:43:46: link group cpp updated to point to /usr/bin/cpp
update-alternatives 2024-04-02 18:43:46: run with --quiet --install /usr/bin/cc cc /usr/bin/gcc 20
update-alternatives 2024-04-02 18:43:46: link group cc updated to point to /usr/bin/gcc
update-alternatives 2024-04-02 18:43:46: run with --quiet --install /usr/bin/c89 c89 /usr/bin/c89-gcc 20 --slave /usr/share/man/man1/c89.1.gz c89.1.gz /usr/share/man/man1/c89-gcc.1.gz
update-alternatives 2024-04-02 18:43:46: link group c89 updated to point to /usr/bin/c89-gcc
update-alternatives 2024-04-02 18:43:46: run with --quiet --install /usr/bin/c99 c99 /usr/bin/c99-gcc 20 --slave /usr/share/man/man1/c99.1.gz c99.1.gz /usr/share/man/man1/c99-gcc.1.gz
update-alternatives 2024-04-02 18:43:46: link group c99 updated to point to /usr/bin/c99-gcc
update-alternatives 2024-04-02 18:43:46: run with --install /usr/bin/c++ c++ /usr/bin/g++ 20
update-alternatives 2024-04-02 18:43:46: link group c++ updated to point to /usr/bin/g++
update-alternatives 2024-04-02 19:56:39: run with --install /usr/bin/open open /usr/bin/xdg-open 50 --slave /usr/share/man/man1/open.1.gz open.1.gz /usr/share/man/man1/xdg-open.1.gz
update-alternatives 2024-04-02 19:56:39: link group open updated to point to /usr/bin/xdg-open
update-alternatives 2024-04-02 19:56:42: run with --install /usr/bin/x-terminal-emulator x-terminal-emulator /usr/bin/zutty 40 --slave /usr/share/man/man1/x-terminal-emulator.1.gz x-terminal-emulator.1.gz /usr/share/man/man1/zutty.1.gz
update-alternatives 2024-04-02 19:56:42: link group x-terminal-emulator updated to point to /usr/bin/zutty
update-alternatives 2024-04-02 19:56:42: run with --install /usr/bin/js js /usr/bin/nodejs 200 --slave /usr/share/man/man1/js.1.gz js.1.gz /usr/share/man/man1/nodejs.1.gz
update-alternatives 2024-04-02 19:56:42: link group js updated to point to /usr/bin/nodejs
update-alternatives 2024-04-02 19:56:46: run with --install /usr/bin/babeljs babeljs /usr/bin/babeljs-7 30
update-alternatives 2024-04-02 19:56:46: link group babeljs updated to point to /usr/bin/babeljs-7
update-alternatives 2024-04-02 19:56:46: run with --install /usr/bin/babeljs-external-helpers babeljs-external-helpers /usr/bin/babeljs-7-external-helpers 30
update-alternatives 2024-04-02 19:56:46: link group babeljs-external-helpers updated to point to /usr/bin/babeljs-7-external-helpers
update-alternatives 2024-04-02 19:56:46: run with --install /usr/bin/babeljs-node babeljs-node /usr/bin/babeljs-7-node 30
update-alternatives 2024-04-02 19:56:46: link group babeljs-node updated to point to /usr/bin/babeljs-7-node
update-alternatives 2024-04-02 19:56:46: run with --install /usr/bin/babeljs-parser babeljs-parser /usr/bin/babeljs-7-parser 30
update-alternatives 2024-04-02 19:56:46: link group babeljs-parser updated to point to /usr/bin/babeljs-7-parser
update-alternatives 2024-04-03 11:29:31: run with --install /usr/bin/traceroute traceroute /usr/bin/traceroute.db 100 --slave /usr/sbin/traceroute traceroute.sbin /usr/bin/traceroute.db --slave /usr/share/man/man1/traceroute.1.gz traceroute.1.gz /usr/share/man/man1/traceroute.db.1.gz
update-alternatives 2024-04-03 11:29:31: link group traceroute updated to point to /usr/bin/traceroute.db
update-alternatives 2024-04-03 11:29:31: run with --install /usr/bin/traceroute6 traceroute6 /usr/bin/traceroute6.db 100 --slave /usr/share/man/man1/traceroute6.1.gz traceroute6.1.gz /usr/share/man/man1/traceroute6.db.1.gz
update-alternatives 2024-04-03 11:29:31: link group traceroute6 updated to point to /usr/bin/traceroute6.db
update-alternatives 2024-04-03 11:29:31: run with --install /usr/bin/lft lft /usr/bin/lft.db 100 --slave /usr/share/man/man1/lft.1.gz lft.1.gz /usr/share/man/man1/lft.db.1.gz
update-alternatives 2024-04-03 11:29:31: link group lft updated to point to /usr/bin/lft.db
update-alternatives 2024-04-03 11:29:31: run with --install /usr/bin/traceproto traceproto /usr/bin/traceproto.db 100 --slave /usr/share/man/man1/traceproto.1.gz traceproto.1.gz /usr/share/man/man1/traceproto.db.1.gz
update-alternatives 2024-04-03 11:29:31: link group traceproto updated to point to /usr/bin/traceproto.db
update-alternatives 2024-04-03 11:29:31: run with --install /usr/sbin/tcptraceroute tcptraceroute /usr/sbin/tcptraceroute.db 100 --slave /usr/share/man/man8/tcptraceroute.8.gz tcptraceroute.8.gz /usr/share/man/man8/tcptraceroute.db.8.gz
update-alternatives 2024-04-03 11:29:31: link group tcptraceroute updated to point to /usr/sbin/tcptraceroute.db
update-alternatives 2024-04-14 21:21:32: run with --install /usr/lib/x86_64-linux-gnu/libblas.so.3 libblas.so.3-x86_64-linux-gnu /usr/lib/x86_64-linux-gnu/blas/libblas.so.3 10
update-alternatives 2024-04-14 21:21:32: link group libblas.so.3-x86_64-linux-gnu updated to point to /usr/lib/x86_64-linux-gnu/blas/libblas.so.3
update-alternatives 2024-04-19 19:59:23: run with --install /usr/bin/telnet telnet /usr/bin/inetutils-telnet 150 --slave /usr/share/man/man1/telnet.1.gz telnet.1.gz /usr/share/man/man1/inetutils-telnet.1.gz
update-alternatives 2024-04-19 19:59:23: link group telnet updated to point to /usr/bin/inetutils-telnet
update-alternatives 2024-05-07 00:56:38: run with --install /lib/firmware/regulatory.db regulatory.db /lib/firmware/regulatory.db-debian 100 --slave /lib/firmware/regulatory.db.p7s regulatory.db.p7s /lib/firmware/regulatory.db.p7s-debian
update-alternatives 2024-05-07 00:56:38: link group regulatory.db updated to point to /lib/firmware/regulatory.db-debian
update-alternatives 2024-05-07 00:56:38: run with --install /lib/firmware/regulatory.db regulatory.db /lib/firmware/regulatory.db-upstream 50 --slave /lib/firmware/regulatory.db.p7s regulatory.db.p7s /lib/firmware/regulatory.db.p7s-upstream
update-alternatives 2024-05-07 00:56:39: run with --install /usr/sbin/iptables iptables /usr/sbin/iptables-legacy 10 --slave /usr/sbin/iptables-restore iptables-restore /usr/sbin/iptables-legacy-restore --slave /usr/sbin/iptables-save iptables-save /usr/sbin/iptables-legacy-save
update-alternatives 2024-05-07 00:56:39: link group iptables updated to point to /usr/sbin/iptables-legacy
update-alternatives 2024-05-07 00:56:39: run with --install /usr/sbin/ip6tables ip6tables /usr/sbin/ip6tables-legacy 10 --slave /usr/sbin/ip6tables-restore ip6tables-restore /usr/sbin/ip6tables-legacy-restore --slave /usr/sbin/ip6tables-save ip6tables-save /usr/sbin/ip6tables-legacy-save
update-alternatives 2024-05-07 00:56:39: link group ip6tables updated to point to /usr/sbin/ip6tables-legacy
update-alternatives 2024-05-07 00:56:39: run with --install /usr/sbin/iptables iptables /usr/sbin/iptables-nft 20 --slave /usr/sbin/iptables-restore iptables-restore /usr/sbin/iptables-nft-restore --slave /usr/sbin/iptables-save iptables-save /usr/sbin/iptables-nft-save
update-alternatives 2024-05-07 00:56:39: link group iptables updated to point to /usr/sbin/iptables-nft
update-alternatives 2024-05-07 00:56:39: run with --install /usr/sbin/ip6tables ip6tables /usr/sbin/ip6tables-nft 20 --slave /usr/sbin/ip6tables-restore ip6tables-restore /usr/sbin/ip6tables-nft-restore --slave /usr/sbin/ip6tables-save ip6tables-save /usr/sbin/ip6tables-nft-save
update-alternatives 2024-05-07 00:56:39: link group ip6tables updated to point to /usr/sbin/ip6tables-nft
update-alternatives 2024-05-07 00:56:39: run with --install /usr/sbin/arptables arptables /usr/sbin/arptables-nft 20 --slave /usr/sbin/arptables-restore arptables-restore /usr/sbin/arptables-nft-restore --slave /usr/sbin/arptables-save arptables-save /usr/sbin/arptables-nft-save
update-alternatives 2024-05-07 00:56:39: link group arptables updated to point to /usr/sbin/arptables-nft
update-alternatives 2024-05-07 00:56:39: run with --install /usr/sbin/ebtables ebtables /usr/sbin/ebtables-nft 20 --slave /usr/sbin/ebtables-restore ebtables-restore /usr/sbin/ebtables-nft-restore --slave /usr/sbin/ebtables-save ebtables-save /usr/sbin/ebtables-nft-save
update-alternatives 2024-05-07 00:56:39: link group ebtables updated to point to /usr/sbin/ebtables-nft
update-alternatives 2024-05-19 10:57:21: run with --install /etc/mysql/my.cnf my.cnf /etc/mysql/my.cnf.fallback 100
update-alternatives 2024-05-19 10:57:21: link group my.cnf updated to point to /etc/mysql/my.cnf.fallback
update-alternatives 2024-05-19 10:57:22: run with --install /etc/mysql/my.cnf my.cnf /etc/mysql/mariadb.cnf 200
update-alternatives 2024-05-19 10:57:22: link group my.cnf updated to point to /etc/mysql/mariadb.cnf
update-alternatives 2024-05-19 10:57:23: run with --install /usr/lib/x86_64-linux-gnu/liblapack.so.3 liblapack.so.3-x86_64-linux-gnu /usr/lib/x86_64-linux-gnu/lapack/liblapack.so.3 10
update-alternatives 2024-05-19 10:57:23: link group liblapack.so.3-x86_64-linux-gnu updated to point to /usr/lib/x86_64-linux-gnu/lapack/liblapack.so.3
update-alternatives 2024-05-19 10:59:51: run with --install /usr/share/icons/default/index.theme x-cursor-theme /usr/share/icons/Adwaita/cursor.theme 90
update-alternatives 2024-05-19 10:59:51: link group x-cursor-theme updated to point to /usr/share/icons/Adwaita/cursor.theme
update-alternatives 2024-05-19 10:59:55: run with --install /usr/bin/x-www-browser x-www-browser /usr/bin/chromium 40
update-alternatives 2024-05-19 10:59:55: link group x-www-browser updated to point to /usr/bin/chromium
update-alternatives 2024-05-19 10:59:55: run with --install /usr/bin/gnome-www-browser gnome-www-browser /usr/bin/chromium 40
update-alternatives 2024-05-19 10:59:55: link group gnome-www-browser updated to point to /usr/bin/chromium
update-alternatives 2024-05-19 11:14:00: run with --install /usr/lib/x86_64-linux-gnu/libblas.so libblas.so-x86_64-linux-gnu /usr/lib/x86_64-linux-gnu/blas/libblas.so 10 --slave /usr/lib/x86_64-linux-gnu/libblas.a libblas.a-x86_64-linux-gnu /usr/lib/x86_64-linux-gnu/blas/libblas.a --slave /usr/include/x86_64-linux-gnu/cblas.h cblas.h-x86_64-linux-gnu /usr/include/x86_64-linux-gnu/cblas-netlib.h --slave /usr/lib/x86_64-linux-gnu/pkgconfig/blas.pc blas.pc-x86_64-linux-gnu /usr/lib/x86_64-linux-gnu/pkgconfig/blas-netlib.pc
update-alternatives 2024-05-19 11:14:00: link group libblas.so-x86_64-linux-gnu updated to point to /usr/lib/x86_64-linux-gnu/blas/libblas.so
update-alternatives 2024-05-19 11:14:01: run with --install /usr/bin/automake automake /usr/bin/automake-1.16 34 --slave /usr/bin/aclocal aclocal /usr/bin/aclocal-1.16 --slave /usr/share/man/man1/automake.1.gz automake.1.gz /usr/share/man/man1/automake-1.16.1.gz --slave /usr/share/man/man1/aclocal.1.gz aclocal.1.gz /usr/share/man/man1/aclocal-1.16.1.gz
update-alternatives 2024-05-19 11:14:01: link group automake updated to point to /usr/bin/automake-1.16
update-alternatives 2024-05-19 11:14:01: run with --install /usr/lib/x86_64-linux-gnu/pkgconfig/hdf5.pc hdf5.pc /usr/lib/x86_64-linux-gnu/pkgconfig/hdf5-serial.pc 20
update-alternatives 2024-05-19 11:14:01: link group hdf5.pc updated to point to /usr/lib/x86_64-linux-gnu/pkgconfig/hdf5-serial.pc
update-alternatives 2024-05-19 11:14:01: run with --install /usr/lib/x86_64-linux-gnu/liblapack.so liblapack.so-x86_64-linux-gnu /usr/lib/x86_64-linux-gnu/lapack/liblapack.so 10 --slave /usr/lib/x86_64-linux-gnu/liblapack.a liblapack.a-x86_64-linux-gnu /usr/lib/x86_64-linux-gnu/lapack/liblapack.a --slave /usr/lib/x86_64-linux-gnu/pkgconfig/lapack.pc lapack.pc-x86_64-linux-gnu /usr/lib/x86_64-linux-gnu/pkgconfig/lapack-netlib.pc
update-alternatives 2024-05-19 11:14:01: link group liblapack.so-x86_64-linux-gnu updated to point to /usr/lib/x86_64-linux-gnu/lapack/liblapack.so
update-alternatives 2024-09-02 21:56:19: run with --install /usr/bin/pager pager /bin/more 50 --slave /usr/share/man/man1/pager.1.gz pager.1.gz /usr/share/man/man1/more.1.gz
update-alternatives 2024-09-02 22:07:08: run with --install /usr/bin/sar sar /usr/bin/sar.sysstat 0 --slave /usr/share/man/man1/sar.1.gz sar.1.gz /usr/share/man/man1/sar.sysstat.1.gz
update-alternatives 2024-09-02 22:07:08: link group sar updated to point to /usr/bin/sar.sysstat
update-alternatives 2024-09-02 22:07:54: run with --quiet --install /usr/bin/awk awk /usr/bin/gawk 10 --slave /usr/share/man/man1/awk.1.gz awk.1.gz /usr/share/man/man1/gawk.1.gz --slave /usr/bin/nawk nawk /usr/bin/gawk --slave /usr/share/man/man1/nawk.1.gz nawk.1.gz /usr/share/man/man1/gawk.1.gz
update-alternatives 2024-09-02 22:07:54: link group awk updated to point to /usr/bin/gawk
update-alternatives 2024-09-02 22:08:57: run with --install /usr/sbin/iotop iotop /usr/sbin/iotop-py 50 --slave /usr/share/man/man8/iotop.8.gz iotop.8.gz /usr/share/man/man8/iotop-py.8.gz
update-alternatives 2024-09-02 22:08:57: link group iotop updated to point to /usr/sbin/iotop-py
